\BOOKMARK [1][-]{section.1}{\376\377\003\225\003\271\003\303\003\261\003\263\003\311\003\263\003\256}{}% 1
\BOOKMARK [1][-]{section.2}{\376\377\003\240\003\301\003\277\003\267\003\263\003\277\003\315\003\274\003\265\003\275\003\265\003\302\000\040\003\303\003\307\003\265\003\304\003\271\003\272\003\255\003\302\000\040\003\274\003\265\003\273\003\255\003\304\003\265\003\302}{}% 2
\BOOKMARK [1][-]{section.3}{\376\377\003\222\003\261\003\303\003\271\003\272\003\256\000\040\003\261\003\275\003\254\003\273\003\305\003\303\003\267}{}% 3
\BOOKMARK [2][-]{subsection.3.1}{\376\377\000M\000o\000d\000e\000l\000\040\000s\000e\000l\000e\000c\000t\000i\000o\000n\000\040\000f\000o\000r\000\040\000m\000i\000x\000t\000u\000r\000e\000\040\000h\000i\000d\000d\000e\000n\000\040\000M\000a\000r\000k\000o\000v\000\040\000m\000o\000d\000e\000l\000s\000:\000\040\000a\000n\000\040\000a\000p\000p\000l\000i\000c\000a\000t\000i\000o\000n\000\040\000t\000o\000\040\000c\000l\000i\000c\000k\000s\000t\000r\000e\000a\000m\000\040\000d\000a\000t\000a\000\040\000M\000M\000H\000M}{section.3}% 4
\BOOKMARK [3][-]{subsubsection.3.1.1}{\376\377\003\243\003\272\003\277\003\300\003\314\003\302\000\040\003\304\003\267\003\302\000\040\003\210\003\301\003\265\003\305\003\275\003\261\003\302}{subsection.3.1}% 5
\BOOKMARK [3][-]{subsubsection.3.1.2}{\376\377\003\234\003\265\003\270\003\277\003\264\003\277\003\273\003\277\003\263\003\257\003\261}{subsection.3.1}% 6
\BOOKMARK [3][-]{subsubsection.3.1.3}{\376\377\003\243\003\305\003\274\003\300\003\265\003\301\003\254\003\303\003\274\003\261\003\304\003\261}{subsection.3.1}% 7
\BOOKMARK [2][-]{subsection.3.2}{\376\377\000R\000e\000a\000l\000-\000t\000i\000m\000e\000\040\000u\000s\000e\000r\000\040\000c\000l\000i\000c\000k\000s\000t\000r\000e\000a\000m\000\040\000b\000e\000h\000a\000v\000i\000o\000r\000\040\000a\000n\000a\000l\000y\000s\000i\000s\000\040\000b\000a\000s\000e\000d\000\040\000o\000n\000\040\000a\000p\000a\000c\000h\000e\000\040\000s\000t\000o\000r\000m\000\040\000s\000t\000r\000e\000a\000m\000i\000n\000g}{section.3}% 8
\BOOKMARK [3][-]{subsubsection.3.2.1}{\376\377\003\243\003\272\003\277\003\300\003\314\003\302\000\040\003\304\003\267\003\302\000\040\003\210\003\301\003\265\003\305\003\275\003\261\003\302}{subsection.3.2}% 9
\BOOKMARK [3][-]{subsubsection.3.2.2}{\376\377\003\234\003\265\003\270\003\277\003\264\003\277\003\273\003\277\003\263\003\257\003\261}{subsection.3.2}% 10
\BOOKMARK [3][-]{subsubsection.3.2.3}{\376\377\003\243\003\305\003\274\003\300\003\265\003\301\003\254\003\303\003\274\003\261\003\304\003\261}{subsection.3.2}% 11
\BOOKMARK [2][-]{subsection.3.3}{\376\377\000P\000a\000t\000t\000e\000r\000n\0002\000V\000e\000c\000:\000\040\000R\000e\000p\000r\000e\000s\000e\000n\000t\000a\000t\000i\000o\000n\000\040\000o\000f\000\040\000c\000l\000i\000c\000k\000s\000t\000r\000e\000a\000m\000\040\000d\000a\000t\000a\000\040\000s\000e\000q\000u\000e\000n\000c\000e\000s\000\040\000f\000o\000r\000\040\000l\000e\000a\000r\000n\000i\000n\000g\000\040\000u\000s\000e\000r\000\040\000n\000a\000v\000i\000g\000a\000t\000i\000o\000n\000a\000l\000\040\000b\000e\000h\000a\000v\000i\000o\000r\000\040\000P\000a\000t\0002\000V\000e\000c}{section.3}% 12
\BOOKMARK [3][-]{subsubsection.3.3.1}{\376\377\003\243\003\272\003\277\003\300\003\314\003\302\000\040\003\304\003\267\003\302\000\040\003\255\003\301\003\265\003\305\003\275\003\261\003\302}{subsection.3.3}% 13
\BOOKMARK [3][-]{subsubsection.3.3.2}{\376\377\003\234\003\265\003\270\003\277\003\264\003\277\003\273\003\277\003\263\003\257\003\261}{subsection.3.3}% 14
\BOOKMARK [3][-]{subsubsection.3.3.3}{\376\377\003\243\003\305\003\274\003\300\003\265\003\301\003\254\003\303\003\274\003\261\003\304\003\261}{subsection.3.3}% 15
\BOOKMARK [2][-]{subsection.3.4}{\376\377\000E\000x\000c\000l\000u\000s\000i\000v\000e\000\040\000I\000t\000e\000m\000\040\000R\000e\000c\000o\000m\000m\000e\000n\000d\000a\000t\000i\000o\000n\000\040\000t\000o\000\040\000t\000h\000e\000\040\000O\000n\000l\000i\000n\000e\000\040\000S\000h\000o\000p\000p\000i\000n\000g\000\040\000C\000u\000s\000t\000o\000m\000e\000r\000s\000\040\000B\000a\000s\000e\000d\000\040\000o\000n\000\040\000C\000a\000t\000e\000g\000o\000r\000y\000\040\000U\000s\000i\000n\000g\000\040\000C\000l\000i\000c\000k\000s\000t\000r\000e\000a\000m\000\040\000a\000n\000d\000\040\000U\000I\000D\000\040\000M\000a\000t\000r\000i\000x\000,\000\040\0002\0000\0002\0003\000\040\000E\000I\000R}{section.3}% 16
\BOOKMARK [3][-]{subsubsection.3.4.1}{\376\377\003\243\003\272\003\277\003\300\003\314\003\302\000\040\003\304\003\267\003\302\000\040\003\255\003\301\003\265\003\305\003\275\003\261\003\302}{subsection.3.4}% 17
\BOOKMARK [3][-]{subsubsection.3.4.2}{\376\377\003\234\003\265\003\270\003\277\003\264\003\277\003\273\003\277\003\263\003\257\003\261}{subsection.3.4}% 18
\BOOKMARK [3][-]{subsubsection.3.4.3}{\376\377\003\243\003\305\003\274\003\300\003\265\003\301\003\254\003\303\003\274\003\261\003\304\003\261}{subsection.3.4}% 19
\BOOKMARK [1][-]{section.4}{\376\377\003\234\003\265\003\304\003\255\003\300\003\265\003\271\003\304\003\261\000\040\003\225\003\301\003\263\003\261\003\303\003\257\003\265\003\302}{}% 20
\BOOKMARK [2][-]{subsection.4.1}{\376\377\000M\000i\000n\000i\000n\000g\000\040\000a\000n\000d\000\040\000P\000r\000e\000d\000i\000c\000t\000i\000n\000g\000\040\000U\000s\000e\000r\000s\000\040\000C\000l\000i\000c\000k\000s\000t\000r\000e\000a\000m\000\040\000P\000a\000t\000t\000e\000r\000n\000s\000\040\000f\000r\000o\000m\000\040\000N\000o\000i\000s\000y\000\040\000I\000n\000t\000e\000r\000l\000e\000a\000v\000i\000n\000g\000\040\000C\000l\000i\000c\000k\000s\000\040\000c\000l\000i\000c\000k\000s\000t\000r\000e\000a\000m\0002\0000\0002\0002}{section.4}% 21
\BOOKMARK [3][-]{subsubsection.4.1.1}{\376\377\003\243\003\272\003\277\003\300\003\314\003\302\000\040\003\304\003\267\003\302\000\040\003\255\003\301\003\265\003\305\003\275\003\261\003\302}{subsection.4.1}% 22
\BOOKMARK [3][-]{subsubsection.4.1.2}{\376\377\003\234\003\265\003\270\003\277\003\264\003\277\003\273\003\277\003\263\003\257\003\261}{subsection.4.1}% 23
\BOOKMARK [3][-]{subsubsection.4.1.3}{\376\377\003\240\003\301\003\314\003\262\003\273\003\265\003\310\003\267\000\040\003\303\003\305\003\274\003\300\003\265\003\301\003\271\003\306\003\277\003\301\003\254\003\302}{subsection.4.1}% 24
\BOOKMARK [3][-]{subsubsection.4.1.4}{\376\377\003\243\003\305\003\274\003\300\003\265\003\301\003\254\003\303\003\274\003\261\003\304\003\261}{subsection.4.1}% 25
\BOOKMARK [2][-]{subsection.4.2}{\376\377\000C\000l\000i\000c\000k\000s\000t\000r\000e\000a\000m\000\040\000u\000s\000e\000r\000\040\000b\000e\000h\000a\000v\000i\000o\000r\000\040\000m\000o\000d\000e\000l\000s\000\040\000C\000l\000i\000c\000k\000s\000t\000r\000e\000a\000m\000U\000s\000e\000r\000B\000e\000h\000a\000v\000i\000o\000r\000M\000o\000d\000e\000l\000s}{section.4}% 26
\BOOKMARK [3][-]{subsubsection.4.2.1}{\376\377\003\243\003\272\003\277\003\300\003\314\003\302\000\040\003\304\003\267\003\302\000\040\003\210\003\301\003\265\003\305\003\275\003\261\003\302}{subsection.4.2}% 27
\BOOKMARK [3][-]{subsubsection.4.2.2}{\376\377\003\234\003\265\003\270\003\277\003\264\003\277\003\273\003\277\003\263\003\257\003\261}{subsection.4.2}% 28
\BOOKMARK [3][-]{subsubsection.4.2.3}{\376\377\003\243\003\305\003\274\003\300\003\265\003\301\003\254\003\303\003\274\003\261\003\304\003\261}{subsection.4.2}% 29
\BOOKMARK [2][-]{subsection.4.3}{\376\377\000R\000e\000a\000l\000-\000t\000i\000m\000e\000\040\000c\000l\000i\000c\000k\000s\000t\000r\000e\000a\000m\000\040\000d\000a\000t\000a\000\040\000a\000n\000a\000l\000y\000t\000i\000c\000s\000\040\000a\000n\000d\000\040\000v\000i\000s\000u\000a\000l\000i\000z\000a\000t\000i\000o\000n\000\040\000R\000e\000a\000l\000T\000i\000m\000e\000C\000l\000i\000c\000k\000s\000t\000r\000e\000a\000m}{section.4}% 30
\BOOKMARK [3][-]{subsubsection.4.3.1}{\376\377\003\243\003\272\003\277\003\300\003\314\003\302\000\040\003\304\003\267\003\302\000\040\003\210\003\301\003\265\003\305\003\275\003\261\003\302}{subsection.4.3}% 31
\BOOKMARK [3][-]{subsubsection.4.3.2}{\376\377\003\234\003\265\003\270\003\277\003\264\003\277\003\273\003\277\003\263\003\257\003\261}{subsection.4.3}% 32
\BOOKMARK [3][-]{subsubsection.4.3.3}{\376\377\003\243\003\305\003\274\003\300\003\265\003\301\003\254\003\303\003\274\003\261\003\304\003\261}{subsection.4.3}% 33
\BOOKMARK [1][-]{section.5}{\376\377\003\243\003\315\003\275\003\277\003\310\003\267\000\040\003\272\003\261\003\271\000\040\003\303\003\305\003\274\003\300\003\265\003\301\003\254\003\303\003\274\003\261\003\304\003\261}{}% 34
