This is LuaHBTeX, Version 1.18.0 (TeX Live 2025/dev/Debian)  (format=lualatex 2026.5.5)  5 MAY 2026 18:35
 restricted system commands enabled.
**outlong.tex
(./outlong.tex
LaTeX2e <2024-11-01> patch level 2
L3 programming layer <2025-01-18>
Lua module: luaotfload 2024-12-03 v3.29 Lua based OpenType font support
Lua module: lualibs 2023-07-13 v2.76 ConTeXt Lua standard libraries.
Lua module: lualibs-extended 2023-07-13 v2.76 ConTeXt Lua libraries -- extended 
collection.
luaotfload | conf : Root cache directory is "/home/jim/.texlive2025/texmf-var/lu
atex-cache/generic/names".
luaotfload | init : Loading fontloader "fontloader-2023-12-28.lua" from kpse-res
olved path "/usr/share/texlive/texmf-dist/tex/luatex/luaotfload/fontloader-2023-
12-28.lua".
Lua-only attribute luaotfload@noligature = 1
luaotfload | init : Context OpenType loader version 3.134
Inserting `luaotfload.node_processor' in `pre_linebreak_filter'.
Inserting `luaotfload.node_processor' in `hpack_filter'.
Inserting `luaotfload.glyph_stream' in `glyph_stream_provider'.
Inserting `luaotfload.define_font' in `define_font'.
Lua-only attribute luaotfload_color_attribute = 2
luaotfload | conf : Root cache directory is "/home/jim/.texlive2025/texmf-var/lu
atex-cache/generic/names".
Inserting `luaotfload.harf.strip_prefix' in `find_opentype_file'.
Inserting `luaotfload.harf.strip_prefix' in `find_truetype_file'.
Removing  `luaotfload.glyph_stream' from `glyph_stream_provider'.
Inserting `luaotfload.harf.glyphstream' in `glyph_stream_provider'.
Inserting `luaotfload.harf.finalize_vlist' in `post_linebreak_filter'.
Inserting `luaotfload.harf.finalize_hlist' in `hpack_filter'.
Inserting `luaotfload.cleanup_files' in `wrapup_run'.
Inserting `luaotfload.harf.finalize_unicode' in `finish_pdffile'.
Inserting `luaotfload.glyphinfo' in `glyph_info'.
Lua-only attribute luaotfload.letterspace_done = 3
Inserting `luaotfload.aux.set_sscale_dimens' in `luaotfload.patch_font'.
Inserting `luaotfload.aux.set_font_index' in `luaotfload.patch_font'.
Inserting `luaotfload.aux.patch_cambria_domh' in `luaotfload.patch_font'.
Inserting `luaotfload.aux.fixup_fontdata' in `luaotfload.patch_font_unsafe'.
Inserting `luaotfload.aux.set_capheight' in `luaotfload.patch_font'.
Inserting `luaotfload.aux.set_xheight' in `luaotfload.patch_font'.
Inserting `luaotfload.rewrite_fontname' in `luaotfload.patch_font'.
Inserting `tracingstacklevels' in `input_level_string'. (/usr/share/texlive/tex
mf-dist/tex/latex/base/article.cls
Document Class: article 2024/06/29 v1.4n Standard LaTeX document class
(/usr/share/texlive/texmf-dist/tex/latex/base/size12.clo
File: size12.clo 2024/06/29 v1.4n Standard LaTeX file (size option)
luaotfload | db : Font names database loaded from /home/jim/.texlive2025/texmf-v
ar/luatex-cache/generic/names/luaotfload-names.luc.gz)
\c@part=\count194
\c@section=\count195
\c@subsection=\count196
\c@subsubsection=\count197
\c@paragraph=\count198
\c@subparagraph=\count199
\c@figure=\count266
\c@table=\count267
\abovecaptionskip=\skip49
\belowcaptionskip=\skip50
\bibindent=\dimen140
)
(/usr/share/texlive/texmf-dist/tex/latex/fontspec/fontspec.sty
(/usr/share/texlive/texmf-dist/tex/latex/l3packages/xparse/xparse.sty
(/usr/share/texlive/texmf-dist/tex/latex/l3kernel/expl3.sty
Package: expl3 2025-01-18 L3 programming layer (loader) 

(/usr/share/texlive/texmf-dist/tex/latex/l3backend/l3backend-luatex.def
File: l3backend-luatex.def 2024-05-08 L3 backend support: PDF output (LuaTeX)
\l__color_backend_stack_int=\count268
Inserting `l3color' in `luaotfload.parse_color'.
\l__pdf_internal_box=\box52
))
Package: xparse 2024-08-16 L3 Experimental document command parser
)
Package: fontspec 2024/05/11 v2.9e Font selection for XeLaTeX and LuaLaTeX
Lua module: fontspec 2024/05/11 v2.9e Font selection for XeLaTeX and LuaLaTeX
(/usr/share/texlive/texmf-dist/tex/latex/fontspec/fontspec-luatex.sty
Package: fontspec-luatex 2024/05/11 v2.9e Font selection for XeLaTeX and LuaLaT
eX
\l__fontspec_script_int=\count269
\l__fontspec_language_int=\count270
\l__fontspec_strnum_int=\count271
\l__fontspec_tmp_int=\count272
\l__fontspec_tmpa_int=\count273
\l__fontspec_tmpb_int=\count274
\l__fontspec_tmpc_int=\count275
\l__fontspec_em_int=\count276
\l__fontspec_emdef_int=\count277
\l__fontspec_strong_int=\count278
\l__fontspec_strongdef_int=\count279
\l__fontspec_tmpa_dim=\dimen141
\l__fontspec_tmpb_dim=\dimen142
\l__fontspec_tmpc_dim=\dimen143

(/usr/share/texlive/texmf-dist/tex/latex/base/fontenc.sty
Package: fontenc 2021/04/29 v2.0v Standard LaTeX package
)
(/usr/share/texlive/texmf-dist/tex/latex/fontspec/fontspec.cfg)))
(/usr/share/texlive/texmf-dist/tex/generic/babel/babel.sty
Package: babel 2025/02/14 v25.4 The multilingual framework for pdfLaTeX, LuaLaT
eX and XeLaTeX

(/usr/share/texlive/texmf-dist/tex/generic/babel/luababel.def
\bbl@readstream=\read2
\l@dumylang=\language2
Package babel Info: Non-standard hyphenation setup on input line 118.
\l@nohyphenation=\language3
\l@tamil=\language4
\l@coptic=\language5
\l@dutch=\language6
\l@friulan=\language7
\l@slovak=\language8
\l@italian=\language9
\l@interlingua=\language10
\l@assamese=\language11
\l@pali=\language12
\l@monogreek=\language13
\l@schoolfinnish=\language14
\l@latin=\language15
\l@ethiopic=\language16
\l@armenian=\language17
\l@hebrew=\language18
\l@finnish=\language19
\l@french=\language20
\l@farsi=\language21
\l@romansh=\language22
\l@churchslavonic=\language23
\l@basque=\language24
\l@kannada=\language25
\l@serbian=\language26
\l@hindi=\language27
\l@swedish=\language28
\l@classiclatin=\language29
\l@esperanto=\language30
\l@macedonian=\language31
\l@georgian=\language32
\l@piedmontese=\language33
\l@usenglishmax=\language34
\l@liturgicallatin=\language35
\l@croatian=\language36
\l@ibycus=\language37
\l@indonesian=\language38
\l@malayalam=\language39
\l@greek=\language40
\l@serbianc=\language41
\l@oriya=\language42
\l@thai=\language43
\l@czech=\language44
\l@icelandic=\language45
\l@estonian=\language46
\l@ukenglish=\language47
\l@slovenian=\language48
\l@uppersorbian=\language49
\l@galician=\language50
\l@nynorsk=\language51
\l@danish=\language52
\l@german-x-2024-02-28=\language53
\l@vietnamese=\language54
\l@panjabi=\language55
\l@mongolianlmc=\language56
\l@bokmal=\language57
\l@ancientgreek=\language58
\l@romanian=\language59
\l@irish=\language60
\l@telugu=\language61
\l@german=\language62
\l@lithuanian=\language63
\l@ngerman=\language64
\l@kurmanji=\language65
\l@polish=\language66
\l@russian=\language67
\l@sanskrit=\language68
\l@swissgerman=\language69
\l@latvian=\language70
\l@arabic=\language71
\l@portuguese=\language72
\l@turkmen=\language73
\l@afrikaans=\language74
\l@hungarian=\language75
\l@albanian=\language76
\l@occitan=\language77
\l@spanish=\language78
\l@pinyin=\language79
\l@marathi=\language80
\l@ukrainian=\language81
\l@turkish=\language82
\l@bulgarian=\language83
\l@mongolian=\language84
\l@catalan=\language85
\l@bengali=\language86
\l@ngerman-x-2024-02-28=\language87
\l@welsh=\language88
\l@belarusian=\language89
\l@gujarati=\language90
\babelcatcodetablenum=\catcodetable14
\bbl@pattcodes=\catcodetable15
)
\babel@savecnt=\count280
\U@D=\dimen144
\l@unhyphenated=\language91

(/usr/share/texlive/texmf-dist/tex/generic/babel/luababel.def
\bbl@attr@locale=\attribute4
)
(/usr/share/texlive/texmf-dist/tex/generic/babel-greek/greek.ldf
Language: greek 2023/10/13 1.15 Greek support for the babel system
\bbl@monogreek=\count281
\bbl@polygreek=\count282
\bbl@ancientgreek=\count283

(/usr/share/texlive/texmf-dist/tex/latex/greek-fontenc/tuenc-greek.def
File: tuenc-greek.def 2023-09-12 2.5 Greek LICRs for XeTeX and LuaTeX

(/usr/share/texlive/texmf-dist/tex/latex/greek-fontenc/greek-fontenc.def
File: greek-fontenc.def 2023-09-12 2.5 Common Greek font encoding definitions
))
(/usr/share/texlive/texmf-dist/tex/generic/hyph-utf8/loadhyph/loadhyph-el-polyt
on.tex UTF-8 Hyphenation patterns for multi-accent (polytonic) Modern Greek
(/usr/share/texlive/texmf-dist/tex/generic/hyph-utf8/patterns/tex/hyph-el-polyt
on.tex))) (/usr/share/texlive/texmf-dist/tex/generic/babel-english/english.ldf
Language: english 2017/06/06 v3.3r English support from the babel system
Package babel Info: Hyphen rules for 'canadian' set to \l@english
(babel)             (\language0). Reported on input line 102.
Package babel Info: Hyphen rules for 'australian' set to \l@ukenglish
(babel)             (\language47). Reported on input line 105.
Package babel Info: Hyphen rules for 'newzealand' set to \l@ukenglish
(babel)             (\language47). Reported on input line 108.
)) (/usr/share/texlive/texmf-dist/tex/generic/babel/locale/en/babel-english.tex
Package babel Info: Importing font and identification data for english
(babel)             from babel-en.ini. Reported on input line 11.
) (/usr/share/texlive/texmf-dist/tex/generic/babel/locale/el/babel-greek.tex
Package babel Info: Importing font and identification data for greek
(babel)             from babel-el.ini. Reported on input line 11.
)
luaotfload | cache : Lookup cache loaded from /home/jim/.texlive2025/texmf-var/l
uatex-cache/generic/names/luaotfload-lookup-cache.luc.

Package fontspec Info: 
(fontspec)             Font family 'TimesNewRoman(0)' created for font 'Times
(fontspec)             New Roman' with options [Ligatures=TeX].
(fontspec)              
(fontspec)              This font family consists of the following NFSS
(fontspec)             series/shapes:
(fontspec)              
(fontspec)             - 'normal' (m/n) with NFSS spec.: <->"name:Times New
(fontspec)             Roman:mode=node;language=dflt;+tlig;"
(fontspec)             - 'bold' (b/n) with NFSS spec.: <->"name:Times New
(fontspec)             Roman/B:mode=node;language=dflt;+tlig;"
(fontspec)             - 'italic' (m/it) with NFSS spec.: <->"name:Times New
(fontspec)             Roman/I:mode=node;language=dflt;+tlig;"
(fontspec)             - 'bold italic' (b/it) with NFSS spec.: <->"name:Times
(fontspec)             New Roman/BI:mode=node;language=dflt;+tlig;"


(/usr/share/texlive/texmf-dist/tex/latex/geometry/geometry.sty
Package: geometry 2020/01/02 v5.9 Page Geometry

(/usr/share/texlive/texmf-dist/tex/latex/graphics/keyval.sty
Package: keyval 2022/05/29 v1.15 key=value parser (DPC)
\KV@toks@=\toks17
)
(/usr/share/texlive/texmf-dist/tex/generic/iftex/ifvtex.sty
Package: ifvtex 2019/10/25 v1.7 ifvtex legacy package. Use iftex instead.

(/usr/share/texlive/texmf-dist/tex/generic/iftex/iftex.sty
Package: iftex 2024/12/12 v1.0g TeX engine tests
))
\Gm@cnth=\count284
\Gm@cntv=\count285
\c@Gm@tempcnt=\count286
\Gm@bindingoffset=\dimen145
\Gm@wd@mp=\dimen146
\Gm@odd@mp=\dimen147
\Gm@even@mp=\dimen148
\Gm@layoutwidth=\dimen149
\Gm@layoutheight=\dimen150
\Gm@layouthoffset=\dimen151
\Gm@layoutvoffset=\dimen152
\Gm@dimlist=\toks18
)
(/usr/share/texlive/texmf-dist/tex/latex/graphics/graphicx.sty
Package: graphicx 2021/09/16 v1.2d Enhanced LaTeX Graphics (DPC,SPQR)

(/usr/share/texlive/texmf-dist/tex/latex/graphics/graphics.sty
Package: graphics 2024/08/06 v1.4g Standard LaTeX Graphics (DPC,SPQR)

(/usr/share/texlive/texmf-dist/tex/latex/graphics/trig.sty
Package: trig 2023/12/02 v1.11 sin cos tan (DPC)
)
(/usr/share/texlive/texmf-dist/tex/latex/graphics-cfg/graphics.cfg
File: graphics.cfg 2016/06/04 v1.11 sample graphics configuration
)
Package graphics Info: Driver file: luatex.def on input line 106.

(/usr/share/texlive/texmf-dist/tex/latex/graphics-def/luatex.def
File: luatex.def 2024/04/13 v1.2e Graphics/color driver for luatex
))
\Gin@req@height=\dimen153
\Gin@req@width=\dimen154
)
(/usr/share/texlive/texmf-dist/tex/latex/hyperref/hyperref.sty
Package: hyperref 2024-11-05 v7.01l Hypertext links for LaTeX

(/usr/share/texlive/texmf-dist/tex/latex/kvsetkeys/kvsetkeys.sty
Package: kvsetkeys 2022-10-05 v1.19 Key value parser (HO)
)
(/usr/share/texlive/texmf-dist/tex/generic/kvdefinekeys/kvdefinekeys.sty
Package: kvdefinekeys 2019-12-19 v1.6 Define keys (HO)
)
(/usr/share/texlive/texmf-dist/tex/generic/pdfescape/pdfescape.sty
Package: pdfescape 2019/12/09 v1.15 Implements pdfTeX's escape features (HO)

(/usr/share/texlive/texmf-dist/tex/generic/ltxcmds/ltxcmds.sty
Package: ltxcmds 2023-12-04 v1.26 LaTeX kernel commands for general use (HO)
)
(/usr/share/texlive/texmf-dist/tex/generic/pdftexcmds/pdftexcmds.sty
Package: pdftexcmds 2020-06-27 v0.33 Utility functions of pdfTeX for LuaTeX (HO
)

(/usr/share/texlive/texmf-dist/tex/generic/infwarerr/infwarerr.sty
Package: infwarerr 2019/12/03 v1.5 Providing info/warning/error messages (HO)
)
Package pdftexcmds Info: \pdf@primitive is available.
Package pdftexcmds Info: \pdf@ifprimitive is available.
Package pdftexcmds Info: \pdfdraftmode found.
\pdftexcmds@toks=\toks19
))
(/usr/share/texlive/texmf-dist/tex/latex/hycolor/hycolor.sty
Package: hycolor 2020-01-27 v1.10 Color options for hyperref/bookmark (HO)
)
(/usr/share/texlive/texmf-dist/tex/latex/hyperref/nameref.sty
Package: nameref 2023-11-26 v2.56 Cross-referencing by name of section

(/usr/share/texlive/texmf-dist/tex/latex/refcount/refcount.sty
Package: refcount 2019/12/15 v3.6 Data extraction from label references (HO)
)
(/usr/share/texlive/texmf-dist/tex/generic/gettitlestring/gettitlestring.sty
Package: gettitlestring 2019/12/15 v1.6 Cleanup title references (HO)

(/usr/share/texlive/texmf-dist/tex/latex/kvoptions/kvoptions.sty
Package: kvoptions 2022-06-15 v3.15 Key value format for package options (HO)
))
\c@section@level=\count287
)
(/usr/share/texlive/texmf-dist/tex/latex/etoolbox/etoolbox.sty
Package: etoolbox 2025/02/11 v2.5l e-TeX tools for LaTeX (JAW)
\etb@tempcnta=\count288
)
(/usr/share/texlive/texmf-dist/tex/generic/stringenc/stringenc.sty
Package: stringenc 2019/11/29 v1.12 Convert strings between diff. encodings (HO
)
)
\@linkdim=\dimen155
\Hy@linkcounter=\count289
\Hy@pagecounter=\count290

(/usr/share/texlive/texmf-dist/tex/latex/hyperref/pd1enc.def
File: pd1enc.def 2024-11-05 v7.01l Hyperref: PDFDocEncoding definition (HO)
)
(/usr/share/texlive/texmf-dist/tex/generic/intcalc/intcalc.sty
Package: intcalc 2019/12/15 v1.3 Expandable calculations with integers (HO)
)
\Hy@SavedSpaceFactor=\count291

(/usr/share/texlive/texmf-dist/tex/latex/hyperref/puenc.def
File: puenc.def 2024-11-05 v7.01l Hyperref: PDF Unicode definition (HO)

(/usr/share/texlive/texmf-dist/tex/latex/greek-fontenc/puenc-greek.def
File: puenc-greek.def 2023-09-12 2.5 Greek LICRs for PDF strings

(/usr/share/texlive/texmf-dist/tex/latex/greek-fontenc/greek-fontenc.def
File: greek-fontenc.def 2023-09-12 2.5 Common Greek font encoding definitions
)))
Package hyperref Info: Option `colorlinks' set `true' on input line 4040.
Package hyperref Info: Hyper figures OFF on input line 4157.
Package hyperref Info: Link nesting OFF on input line 4162.
Package hyperref Info: Hyper index ON on input line 4165.
Package hyperref Info: Plain pages OFF on input line 4172.
Package hyperref Info: Backreferencing OFF on input line 4177.
Package hyperref Info: Implicit mode ON; LaTeX internals redefined.
Package hyperref Info: Bookmarks ON on input line 4424.
\c@Hy@tempcnt=\count292

(/usr/share/texlive/texmf-dist/tex/latex/url/url.sty
\Urlmuskip=\muskip17
Package: url 2013/09/16  ver 3.4  Verb mode for urls, etc.
)
LaTeX Info: Redefining \url on input line 4763.
\XeTeXLinkMargin=\dimen156

(/usr/share/texlive/texmf-dist/tex/generic/bitset/bitset.sty
Package: bitset 2019/12/09 v1.3 Handle bit-vector datatype (HO)

(/usr/share/texlive/texmf-dist/tex/generic/bigintcalc/bigintcalc.sty
Package: bigintcalc 2019/12/15 v1.5 Expandable calculations on big integers (HO
)
))
\Fld@menulength=\count293
\Field@Width=\dimen157
\Fld@charsize=\dimen158
Package hyperref Info: Hyper figures OFF on input line 6042.
Package hyperref Info: Link nesting OFF on input line 6047.
Package hyperref Info: Hyper index ON on input line 6050.
Package hyperref Info: backreferencing OFF on input line 6057.
Package hyperref Info: Link coloring ON on input line 6060.
Package hyperref Info: Link coloring with OCG OFF on input line 6067.
Package hyperref Info: PDF/A mode OFF on input line 6072.

(/usr/share/texlive/texmf-dist/tex/latex/base/atbegshi-ltx.sty
Package: atbegshi-ltx 2021/01/10 v1.0c Emulation of the original atbegshi
package with kernel methods
)
\Hy@abspage=\count294
\c@Item=\count295
\c@Hfootnote=\count296
)
Package hyperref Info: Driver (autodetected): hluatex.

(/usr/share/texlive/texmf-dist/tex/latex/hyperref/hluatex.def
File: hluatex.def 2024-11-05 v7.01l Hyperref driver for luaTeX

(/usr/share/texlive/texmf-dist/tex/latex/base/atveryend-ltx.sty
Package: atveryend-ltx 2020/08/19 v1.0a Emulation of the original atveryend pac
kage
with kernel methods
)
\Fld@listcount=\count297
\c@bookmark@seq@number=\count298

(/usr/share/texlive/texmf-dist/tex/latex/rerunfilecheck/rerunfilecheck.sty
Package: rerunfilecheck 2022-07-10 v1.10 Rerun checks for auxiliary files (HO)

(/usr/share/texlive/texmf-dist/tex/generic/uniquecounter/uniquecounter.sty
Package: uniquecounter 2019/12/15 v1.4 Provide unlimited unique counter (HO)
)
Package uniquecounter Info: New unique counter `rerunfilecheck' on input line 2
85.
)
\Hy@SectionHShift=\skip51
)
(./outlong.aux)
\openout1 = outlong.aux

LaTeX Font Info:    Checking defaults for OML/cmm/m/it on input line 17.
LaTeX Font Info:    ... okay on input line 17.
LaTeX Font Info:    Checking defaults for OMS/cmsy/m/n on input line 17.
LaTeX Font Info:    ... okay on input line 17.
LaTeX Font Info:    Checking defaults for OT1/cmr/m/n on input line 17.
LaTeX Font Info:    ... okay on input line 17.
LaTeX Font Info:    Checking defaults for T1/cmr/m/n on input line 17.
LaTeX Font Info:    ... okay on input line 17.
LaTeX Font Info:    Checking defaults for TS1/cmr/m/n on input line 17.
LaTeX Font Info:    ... okay on input line 17.
LaTeX Font Info:    Checking defaults for TU/lmr/m/n on input line 17.
LaTeX Font Info:    ... okay on input line 17.
LaTeX Font Info:    Checking defaults for OMX/cmex/m/n on input line 17.
LaTeX Font Info:    ... okay on input line 17.
LaTeX Font Info:    Checking defaults for U/cmr/m/n on input line 17.
LaTeX Font Info:    ... okay on input line 17.
LaTeX Font Info:    Checking defaults for PD1/pdf/m/n on input line 17.
LaTeX Font Info:    ... okay on input line 17.
LaTeX Font Info:    Checking defaults for PU/pdf/m/n on input line 17.
LaTeX Font Info:    ... okay on input line 17.

Package fontspec Info: 
(fontspec)             Adjusting the maths setup (use [no-math] to avoid
(fontspec)             this).

\symlegacymaths=\mathgroup4
LaTeX Font Info:    Overwriting symbol font `legacymaths' in version `bold'
(Font)                  OT1/cmr/m/n --> OT1/cmr/bx/n on input line 17.
LaTeX Font Info:    Redeclaring math accent \acute on input line 17.
LaTeX Font Info:    Redeclaring math accent \grave on input line 17.
LaTeX Font Info:    Redeclaring math accent \ddot on input line 17.
LaTeX Font Info:    Redeclaring math accent \tilde on input line 17.
LaTeX Font Info:    Redeclaring math accent \bar on input line 17.
LaTeX Font Info:    Redeclaring math accent \breve on input line 17.
LaTeX Font Info:    Redeclaring math accent \check on input line 17.
LaTeX Font Info:    Redeclaring math accent \hat on input line 17.
LaTeX Font Info:    Redeclaring math accent \dot on input line 17.
LaTeX Font Info:    Redeclaring math accent \mathring on input line 17.
LaTeX Font Info:    Redeclaring math symbol \colon on input line 17.
LaTeX Font Info:    Redeclaring math symbol \Gamma on input line 17.
LaTeX Font Info:    Redeclaring math symbol \Delta on input line 17.
LaTeX Font Info:    Redeclaring math symbol \Theta on input line 17.
LaTeX Font Info:    Redeclaring math symbol \Lambda on input line 17.
LaTeX Font Info:    Redeclaring math symbol \Xi on input line 17.
LaTeX Font Info:    Redeclaring math symbol \Pi on input line 17.
LaTeX Font Info:    Redeclaring math symbol \Sigma on input line 17.
LaTeX Font Info:    Redeclaring math symbol \Upsilon on input line 17.
LaTeX Font Info:    Redeclaring math symbol \Phi on input line 17.
LaTeX Font Info:    Redeclaring math symbol \Psi on input line 17.
LaTeX Font Info:    Redeclaring math symbol \Omega on input line 17.
LaTeX Font Info:    Redeclaring math symbol \mathdollar on input line 17.
LaTeX Font Info:    Redeclaring symbol font `operators' on input line 17.
LaTeX Font Info:    Encoding `OT1' has changed to `TU' for symbol font
(Font)              `operators' in the math version `normal' on input line 17.
LaTeX Font Info:    Overwriting symbol font `operators' in version `normal'
(Font)                  OT1/cmr/m/n --> TU/TimesNewRoman(0)/m/n on input line 1
7.
LaTeX Font Info:    Encoding `OT1' has changed to `TU' for symbol font
(Font)              `operators' in the math version `bold' on input line 17.
LaTeX Font Info:    Overwriting symbol font `operators' in version `bold'
(Font)                  OT1/cmr/bx/n --> TU/TimesNewRoman(0)/m/n on input line 
17.
LaTeX Font Info:    Overwriting symbol font `operators' in version `normal'
(Font)                  TU/TimesNewRoman(0)/m/n --> TU/TimesNewRoman(0)/m/n on 
input line 17.
LaTeX Font Info:    Overwriting math alphabet `\mathit' in version `normal'
(Font)                  OT1/cmr/m/it --> TU/TimesNewRoman(0)/m/it on input line
 17.
LaTeX Font Info:    Overwriting math alphabet `\mathbf' in version `normal'
(Font)                  OT1/cmr/bx/n --> TU/TimesNewRoman(0)/b/n on input line 
17.
LaTeX Font Info:    Overwriting math alphabet `\mathsf' in version `normal'
(Font)                  OT1/cmss/m/n --> TU/lmss/m/n on input line 17.
LaTeX Font Info:    Overwriting math alphabet `\mathtt' in version `normal'
(Font)                  OT1/cmtt/m/n --> TU/lmtt/m/n on input line 17.
LaTeX Font Info:    Overwriting symbol font `operators' in version `bold'
(Font)                  TU/TimesNewRoman(0)/m/n --> TU/TimesNewRoman(0)/b/n on 
input line 17.
LaTeX Font Info:    Overwriting math alphabet `\mathit' in version `bold'
(Font)                  OT1/cmr/bx/it --> TU/TimesNewRoman(0)/b/it on input lin
e 17.
LaTeX Font Info:    Overwriting math alphabet `\mathsf' in version `bold'
(Font)                  OT1/cmss/bx/n --> TU/lmss/b/n on input line 17.
LaTeX Font Info:    Overwriting math alphabet `\mathtt' in version `bold'
(Font)                  OT1/cmtt/m/n --> TU/lmtt/b/n on input line 17.

*geometry* driver: auto-detecting
*geometry* detected driver: luatex
*geometry* verbose mode - [ preamble ] result:
* driver: luatex
* paper: a4paper
* layout: <same size as paper>
* layoutoffset:(h,v)=(0.0pt,0.0pt)
* modes: 
* h-part:(L,W,R)=(71.13188pt, 455.24411pt, 71.13188pt)
* v-part:(T,H,B)=(71.13188pt, 702.78308pt, 71.13188pt)
* \paperwidth=597.50787pt
* \paperheight=845.04684pt
* \textwidth=455.24411pt
* \textheight=702.78308pt
* \oddsidemargin=-1.1381pt
* \evensidemargin=-1.1381pt
* \topmargin=-38.1381pt
* \headheight=12.0pt
* \headsep=25.0pt
* \topskip=12.0pt
* \footskip=30.0pt
* \marginparwidth=35.0pt
* \marginparsep=10.0pt
* \columnsep=10.0pt
* \skip\footins=10.8pt plus 4.0pt minus 2.0pt
* \hoffset=0.0pt
* \voffset=0.0pt
* \mag=1000
* \@twocolumnfalse
* \@twosidefalse
* \@mparswitchfalse
* \@reversemarginfalse
* (1in=72.27pt=25.4mm, 1cm=28.453pt)

(/usr/share/texlive/texmf-dist/tex/context/base/mkii/supp-pdf.mkii
[Loading MPS to PDF converter (version 2006.09.02).]
\scratchcounter=\count299
\scratchdimen=\dimen159
\scratchbox=\box53
\nofMPsegments=\count300
\nofMParguments=\count301
\everyMPshowfont=\toks20
\MPscratchCnt=\count302
\MPscratchDim=\dimen160
\MPnumerator=\count303
\makeMPintoPDFobject=\count304
\everyMPtoPDFconversion=\toks21
) (/usr/share/texlive/texmf-dist/tex/latex/epstopdf-pkg/epstopdf-base.sty
Package: epstopdf-base 2020-01-24 v2.11 Base part for package epstopdf
Package epstopdf-base Info: Redefining graphics rule for `.eps' on input line 4
85.

(/usr/share/texlive/texmf-dist/tex/latex/latexconfig/epstopdf-sys.cfg
File: epstopdf-sys.cfg 2010/07/13 v1.3 Configuration of (r)epstopdf for TeX Liv
e
))
(/usr/share/texlive/texmf-dist/tex/latex/graphics/color.sty
Package: color 2024/06/23 v1.3e Standard LaTeX Color (DPC)

(/usr/share/texlive/texmf-dist/tex/latex/graphics-cfg/color.cfg
File: color.cfg 2016/01/02 v1.6 sample color configuration
)
Package color Info: Driver file: luatex.def on input line 149.

(/usr/share/texlive/texmf-dist/tex/latex/graphics/mathcolor.ltx))
Package hyperref Info: Link coloring ON on input line 17.

(./outlong.out) (./outlong.out)
\@outlinefile=\write3

\openout3 = outlong.out
<images/logo.png, id=72, 488.5452pt x 177.3024pt>
File: images/logo.png Graphic file (type png)
<use images/logo.png>
Package luatex.def Info: images/logo.png  used on input line 26.
(luatex.def)             Requested size: 182.09486pt x 66.08511pt.


[1

{/var/lib/texmf/fonts/map/pdftex/updmap/pdftex.map}<./images/logo.png>]
(./outlong.toc
LaTeX Font Info:    External font `cmex10' loaded for size
(Font)              <12> on input line 3.
LaTeX Font Info:    External font `cmex10' loaded for size
(Font)              <8> on input line 3.
LaTeX Font Info:    External font `cmex10' loaded for size
(Font)              <6> on input line 3.
)
\tf@toc=\write4

\openout4 = outlong.toc



warning  (pdf backend): ignoring duplicate destination with the name 'page.1'
[1]

Package hyperref Warning: Token not allowed in a PDF string (Unicode):
(hyperref)                removing `\@ifnextchar' on input line 67.


Overfull \hbox (12.46878pt too wide) in paragraph at lines 73--74
[]\TU/TimesNewRoman(0)/m/n/12 Τα MH-MMs προσφέρουν μια ουσι
αστικότερη προσέγγιση στην ομαδοποίηση τω
ν ακολουθιών
 []


Overfull \hbox (10.2977pt too wide) in paragraph at lines 73--74
\TU/TimesNewRoman(0)/m/n/12 λανθανουσών μαρκοβιανών δι
αδικασιών, καθεμία από τις οποίες αντιστοι
χεί σε έναν διαφορετικό,
 []


Overfull \hbox (3.25198pt too wide) in paragraph at lines 82--83
[]\TU/TimesNewRoman(0)/b/n/12 Αξιολόγηση μέσω Monte Carlo προ
σομοιώσεων: \TU/TimesNewRoman(0)/m/n/12 Οι συγγραφείς ε
ξέτασαν την απόδοση
 []


Overfull \hbox (9.03403pt too wide) in paragraph at lines 82--83
\TU/TimesNewRoman(0)/m/n/12 διάφορα σενάρια, μεταβάλλο
ντας το μήκος των ακολουθιών και τον αριθμ
ό των δεδομένων.
 []



[2]
Overfull \hbox (10.51913pt too wide) in paragraph at lines 88--89
[]\TU/TimesNewRoman(0)/b/n/12 «Αναζητητής πληροφοριών» (I
n-for-ma-tion seeker): \TU/TimesNewRoman(0)/m/n/12 Αποτελεί το 19% 
των χρηστών.
 []


Overfull \hbox (19.29337pt too wide) in paragraph at lines 90--91
\TU/TimesNewRoman(0)/m/n/12 αγοραστικές ενέργειες, όπω
ς η εύρεση διαμονής (Ac-com-mo-da-tion) ή τοπικών εμ
πειριών
 []


Overfull \hbox (0.15512pt too wide) in paragraph at lines 95--96
\TU/TimesNewRoman(0)/m/n/12 υπάρχει εκ των προτέρων γνώ
ση για τα δεδομένα, η επιλογή βασίζεται συν
ήθως σε παραδοσιακά
 []


Overfull \hbox (30.89261pt too wide) in paragraph at lines 95--96
\TU/TimesNewRoman(0)/m/n/12 διαχωρισμού μεταξύ των λαν
θανουσών κλάσεων (δηλαδή των διαφορετικών 
προφίλ που προκύπτουν). 
 []


Overfull \hbox (3.70511pt too wide) in paragraph at lines 101--102
[]\TU/TimesNewRoman(0)/b/n/12 Την παρατηρούμενη λογαριθ
μική πιθανοφάνεια (log-likelihood): \TU/TimesNewRoman(0)/m/n/12
 Αξιολογεί τον βαθμό
 []



[3]
Overfull \hbox (24.4141pt too wide) in paragraph at lines 109--110
\TU/TimesNewRoman(0)/m/n/12 είναι πολύ πιο αποτελεσματ
ική από τα παραδοσιακά κριτήρια όταν αναλύ
ονται σύντομες ακολουθίες,
 []


Overfull \hbox (15.25685pt too wide) in paragraph at lines 111--112
[]\TU/TimesNewRoman(0)/m/n/12 Η ενσωμάτωση της εντροπία
ς επιτρέπει στο μοντέλο να επιλέγει διαμορ
φώσεις με τον καλύτερο
 []


Overfull \hbox (1.75784pt too wide) in paragraph at lines 111--112
\TU/TimesNewRoman(0)/m/n/12 δυνατό διαχωρισμό τόσο μετ
αξύ των διαφορετικών προφίλ χρηστών όσο κα
ι μεταξύ των κρυφών
 []


Overfull \hbox (3.1628pt too wide) in paragraph at lines 111--112
\TU/TimesNewRoman(0)/m/n/12 επιχειρήσεις ηλεκτρονικού 
εμπορίου πολύτιμες γνώσεις για τη στρατηγ
ική τους. Αυτό συμβαίνει
 []


Overfull \hbox (11.09262pt too wide) in paragraph at lines 111--112
\TU/TimesNewRoman(0)/m/n/12 καταστάσεις), αλλά και τους 
πιθανούς λόγους για τους οποίους πλοηγούν
ται με έναν συγκεκριμένο
 []


Package hyperref Warning: Token not allowed in a PDF string (Unicode):
(hyperref)                removing `\@ifnextchar' on input line 115.


Overfull \hbox (3.84769pt too wide) in paragraph at lines 120--121
\TU/TimesNewRoman(0)/m/n/12 Σκοπός της εργασίας ήταν η 
ανάπτυξη μιας νέας μεθόδου αναπαράστασης 
δεδομένων πλοήγησης
 []


Overfull \hbox (21.07388pt too wide) in paragraph at lines 120--121
\TU/TimesNewRoman(0)/m/n/12 χρηστών (click-stream), με την ονο
μασία Pat-tern2Vec, με στόχο την αποτελεσματικότ
ερη κατανόηση
 []


Overfull \hbox (11.50082pt too wide) in paragraph at lines 120--121
\TU/TimesNewRoman(0)/m/n/12 δεδομένα, τα οποία δεν μπορ
ούν να αξιοποιηθούν άμεσα από αλγορίθμους 
μηχανικής μάθησης.Για
 []


Overfull \hbox (36.89536pt too wide) in paragraph at lines 120--121
\TU/TimesNewRoman(0)/m/n/12 τον λόγο αυτό, προτείνεται 
η μετατροπή των ακολουθιών πλοήγησης σε δι
ανυσματικές αναπαραστάσεις
 []


Overfull \hbox (3.76175pt too wide) in paragraph at lines 120--121
\TU/TimesNewRoman(0)/m/n/12 αποτελέσματα έδειξαν ότι η 
προτεινόμενη μέθοδος υπερτερεί έναντι υπα
ρχουσών προσεγγίσεων,
 []


Overfull \hbox (6.76595pt too wide) in paragraph at lines 120--121
\TU/TimesNewRoman(0)/m/n/12 όπως οι Word2Vec, Deep-Walk και Node2Vec. 
Συγκεκριμένα, παρουσίασε υψηλότερες επιδό
σεις
 []


Overfull \hbox (12.27036pt too wide) in paragraph at lines 120--121
\TU/TimesNewRoman(0)/m/n/12 πληρότητα (com-plete-ness), επιτυγ
χάνοντας ποσοστά που προσεγγίζουν το 95 τοι
ς εκατό.Επιπλέον,
 []


Overfull \hbox (25.71176pt too wide) in paragraph at lines 124--125
\TU/TimesNewRoman(0)/m/n/12 Αρχικά, συλλέχθηκαν δεδομέ
να click-stream από πραγματική ιστοσελίδα του ηλ
εκτρονικού εμπορίου.
 []


Overfull \hbox (3.67465pt too wide) in paragraph at lines 124--125
\TU/TimesNewRoman(0)/m/n/12 Στη συνέχεια πραγματοποιήθ
ηκε η προεπεξεργασία δεδομένων, η οποία πε
ριλάμβανε καθαρισμό
 []


Overfull \hbox (4.8356pt too wide) in paragraph at lines 124--125
\TU/TimesNewRoman(0)/m/n/12 κανονικών εκφράσεων, ώστε ν
α αντιστοιχιστούν σε γενικότερες κατηγορί
ες.Έπειτα, τα δεδομένα
 []


Overfull \hbox (2.51254pt too wide) in paragraph at lines 124--125
\TU/TimesNewRoman(0)/m/n/12 οργανώθηκαν σε συνεδρίες π
λοήγησης (ses-sions), λαμβάνοντας υπόψη χρονικο
ύς περιορισμούς,
 []


Overfull \hbox (30.09053pt too wide) in paragraph at lines 124--125
\TU/TimesNewRoman(0)/m/n/12 όπως το μέγιστο χρονικό διά
στημα μεταξύ διαδοχικών ενεργειών. Με αυτό
ν τον τρόπο εξασφαλίστηκε
 []


Overfull \hbox (13.31918pt too wide) in paragraph at lines 124--125
\TU/TimesNewRoman(0)/m/n/12 ότι οι ακολουθίες αντανακλ
ούν την ρεαλιστική συμπεριφορά χρηστών.Στ
η συνέχεια, εφαρμόστηκε
 []


Overfull \hbox (38.13089pt too wide) in paragraph at lines 124--125
\TU/TimesNewRoman(0)/m/n/12 πραγματοποιήθηκε φιλτράρι
σμα για την απομάκρυνση πλεοναζόντων ή επι
καλυπτόμενων προτύπων.Το
 []


Overfull \hbox (16.66489pt too wide) in paragraph at lines 124--125
\TU/TimesNewRoman(0)/m/n/12 διανυσματικές αναπαραστάσ
εις τύπου Word2Vec, αλλά διαφοροποιείται στο ό
τι εισάγει μηχανισμό
 []



[4]
Overfull \hbox (0.25555pt too wide) in paragraph at lines 128--129
\TU/TimesNewRoman(0)/m/n/12 αναπαράστασης δεδομένων click-
stream σε σύγκριση με τις υπάρχουσες προσεγγί
σεις. Η βασική
 []


Overfull \hbox (42.08871pt too wide) in paragraph at lines 128--129
\TU/TimesNewRoman(0)/m/n/12 (fun-nel anal-y-sis) και η αυτοματοπ
οίηση δοκιμής διεπαφής λογισμικού.Τέλος, π
ροτείνονται κατευθύνσεις
 []



[5]
Underfull \hbox (badness 2277) in paragraph at lines 157--158
[]\TU/TimesNewRoman(0)/m/n/12 Gau-tam Pal, Katie Atkin-son, Gang-min Li (2023) 
Real-time user click-stream be-
 []


Underfull \hbox (badness 7012) in paragraph at lines 157--158
\TU/TimesNewRoman(0)/m/n/12 hav-ior anal-y-sis based on apache storm stream-ing [][]$\TU/lmtt/m/n/12 https://doi.org/10.1007/
 []



[6] (./outlong.aux)
 ***********
LaTeX2e <2024-11-01> patch level 2
L3 programming layer <2025-01-18>
 ***********
Package rerunfilecheck Info: File `outlong.out' has not changed.
(rerunfilecheck)             Checksum: 297806401B748486B08D07620C924ADB;4028.
)

Here is how much of LuaTeX's memory you used:
 14034 strings out of 475512
 100000,953878 words of node,token memory allocated
 505 words of node memory still in use:
   4 hlist, 1 vlist, 1 rule, 4 glue, 3 kern, 1 glyph, 15 attribute, 52 glue_spec
, 9 attribute_list, 1 write, 4 pdf_action nodes
   avail lists: 2:580,3:190,4:136,5:151,6:51,7:7613,8:42,9:297,10:6,11:86
 36768 multiletter control sequences out of 65536+600000
 46 fonts using 5528711 bytes
 79i,5n,92p,3018b,421s stack positions out of 10000i,1000n,20000p,200000b,200000s
</usr/share/texmf/fonts/opentype/public/lm/lmmono12-regular.otf></usr/share/font
s/truetype/msttcorefonts/times.ttf></usr/share/fonts/truetype/msttcorefonts/time
sbd.ttf></usr/share/texlive/texmf-dist/fonts/type1/public/amsfonts/cm/cmmi12.pfb
></usr/share/texlive/texmf-dist/fonts/type1/public/amsfonts/cm/cmmi8.pfb>
Output written on outlong.pdf (7 pages, 501895 bytes).

PDF statistics: 182 PDF objects out of 1000 (max. 8388607)
 158 compressed objects within 2 object streams
 35 named destinations out of 1000 (max. 131072)
 137 words of extra memory for PDF output out of 10000 (max. 100000000)

